<?xml version="1.0" encoding="UTF-8"?>
<!-- Generated by org.testng.reporters.JUnitXMLReporter -->
<testsuite hostname="DESKTOP-JPC9PMR" ignored="0" name="Parameterization Test" tests="9" failures="5" timestamp="2022-05-26T19:09:23 PDT" time="0.916" errors="0">
  <testcase name="launchRediffwithChrome" time="0.0" classname="textxml_understanding.Rediff_TestNG">
    <failure type="org.testng.TestNGException" message="
Parameter &amp;apos; url&amp;apos; is required by @Test on method launchRediffwithChrome but has not been marked @Optional or defined
in C:\Users\rahul\eclipse-workspace\MAVERN_PROJECT_Learn4Earn\testngParameterization_Rediff.xml">
      <![CDATA[org.testng.TestNGException: 
Parameter ' url' is required by @Test on method launchRediffwithChrome but has not been marked @Optional or defined
in C:\Users\rahul\eclipse-workspace\MAVERN_PROJECT_Learn4Earn\testngParameterization_Rediff.xml
at java.util.concurrent.FutureTask.run(FutureTask.java:266)
at java.util.concurrent.ThreadPoolExecutor.runWorker(ThreadPoolExecutor.java:1149)
at java.util.concurrent.ThreadPoolExecutor$Worker.run(ThreadPoolExecutor.java:624)
at java.lang.Thread.run(Thread.java:748)
... Removed 12 stack frames]]>
    </failure>
  </testcase> <!-- launchRediffwithChrome -->
  <testcase name="launchRediffwithChrome" time="0.0" classname="textxml_understanding.Rediff_TestNG">
    <failure type="org.testng.TestNGException" message="
Parameter &amp;apos; url&amp;apos; is required by @Test on method launchRediffwithChrome but has not been marked @Optional or defined
in C:\Users\rahul\eclipse-workspace\MAVERN_PROJECT_Learn4Earn\testngParameterization_Rediff.xml">
      <![CDATA[org.testng.TestNGException: 
Parameter ' url' is required by @Test on method launchRediffwithChrome but has not been marked @Optional or defined
in C:\Users\rahul\eclipse-workspace\MAVERN_PROJECT_Learn4Earn\testngParameterization_Rediff.xml
at java.util.concurrent.FutureTask.run(FutureTask.java:266)
at java.util.concurrent.ThreadPoolExecutor.runWorker(ThreadPoolExecutor.java:1149)
at java.util.concurrent.ThreadPoolExecutor$Worker.run(ThreadPoolExecutor.java:624)
at java.lang.Thread.run(Thread.java:748)
... Removed 12 stack frames]]>
    </failure>
  </testcase> <!-- launchRediffwithChrome -->
  <testcase name="launchRediffwithFireFox" time="0.815" classname="textxml_understanding.Rediff_TestNG">
    <failure type="java.lang.NullPointerException">
      <![CDATA[java.lang.NullPointerException
at textxml_understanding.Rediff_TestNG.launchRediffwithFireFox(Rediff_TestNG.java:55)
at java.util.concurrent.FutureTask.run(FutureTask.java:266)
at java.util.concurrent.ThreadPoolExecutor.runWorker(ThreadPoolExecutor.java:1149)
at java.util.concurrent.ThreadPoolExecutor$Worker.run(ThreadPoolExecutor.java:624)
at java.lang.Thread.run(Thread.java:748)
... Removed 13 stack frames]]>
    </failure>
  </testcase> <!-- launchRediffwithFireFox -->
  <testcase name="launchRediffwithFireFox" time="0.815" classname="textxml_understanding.Rediff_TestNG">
    <failure type="java.lang.NullPointerException">
      <![CDATA[java.lang.NullPointerException
at textxml_understanding.Rediff_TestNG.launchRediffwithFireFox(Rediff_TestNG.java:55)
at java.util.concurrent.FutureTask.run(FutureTask.java:266)
at java.util.concurrent.ThreadPoolExecutor.runWorker(ThreadPoolExecutor.java:1149)
at java.util.concurrent.ThreadPoolExecutor$Worker.run(ThreadPoolExecutor.java:624)
at java.lang.Thread.run(Thread.java:748)
... Removed 13 stack frames]]>
    </failure>
  </testcase> <!-- launchRediffwithFireFox -->
  <testcase name="tearDown" time="0.001" classname="textxml_understanding.Rediff_TestNG">
    <failure type="java.lang.NullPointerException">
      <![CDATA[java.lang.NullPointerException
at textxml_understanding.Rediff_TestNG.tearDown(Rediff_TestNG.java:72)
at java.util.ArrayList.forEach(ArrayList.java:1257)
at java.util.concurrent.FutureTask.run(FutureTask.java:266)
at java.util.concurrent.ThreadPoolExecutor.runWorker(ThreadPoolExecutor.java:1149)
at java.util.concurrent.ThreadPoolExecutor$Worker.run(ThreadPoolExecutor.java:624)
at java.lang.Thread.run(Thread.java:748)
... Removed 18 stack frames]]>
    </failure>
  </testcase> <!-- tearDown -->
  <testcase name="case1" time="0.001" classname="textxml_understanding.Create_TestNGXML_File"/>
  <testcase name="case2" time="0.005" classname="textxml_understanding.Create_TestNGXML_File"/>
  <testcase name="case3" time="0.001" classname="textxml_understanding.Create_TestNGXML_File"/>
  <testcase name="case4" time="0.002" classname="textxml_understanding.Create_TestNGXML_File"/>
</testsuite> <!-- Parameterization Test -->
